<?xml version="1.0" encoding="UTF-8"?>
<!-- Generated by org.testng.reporters.JUnitXMLReporter -->
<testsuite hostname="IMRAN-PC" ignored="3" name="Test" tests="6" failures="0" timestamp="10 Oct 2017 04:06:57 GMT" time="0.06" errors="0">
  <testcase name="createProduct" time="0.011" classname="groups.Product"/>
  <testcase name="editProduct" time="0.002" classname="groups.Product"/>
  <testcase name="createUser" time="0.003" classname="groups.User"/>
  <testcase name="editUser" time="0.004" classname="groups.User"/>
  <testcase name="removeUser" time="0.002" classname="groups.User"/>
  <testcase name="createCustomer" time="0.002" classname="groups.Customer"/>
  <testcase name="editCustomer" time="0.0" classname="groups.Customer">
    <ignored/>
  </testcase> <!-- editCustomer -->
  <testcase name="removeCustomer" time="0.0" classname="groups.Customer">
    <ignored/>
  </testcase> <!-- removeCustomer -->
  <testcase name="removeProduct" time="0.0" classname="groups.Product">
    <ignored/>
  </testcase> <!-- removeProduct -->
</testsuite> <!-- Test -->
